Build started 21-03-2018 00:24:12.
     1>Project "C:\Users\USER\Desktop\Group_29\atharvaModel\atharvaModel.vcxproj" on node 2 (Build target(s)).
     1>ClCompile:
         C:\Program Files (x86)\Microsoft Visual Studio 14.0\VC\bin\CL.exe /c /ZI /nologo /W3 /WX- /sdl /Od /Oy- /D WIN32 /D _DEBUG /D _WINDOWS /D _UNICODE /D UNICODE /Gm /EHsc /RTC1 /MDd /GS /fp:precise /Zc:wchar_t /Zc:forScope /Zc:inline /Fo"Debug\\" /Fd"Debug\vc140.pdb" /Gd /TP /analyze- /errorReport:prompt ObjLoader.cpp
         ObjLoader.cpp
     1>c:\users\user\desktop\group_29\atharvamodel\objloader.cpp(218): warning C4101: 'a': unreferenced local variable
       Link:
         C:\Program Files (x86)\Microsoft Visual Studio 14.0\VC\bin\link.exe /ERRORREPORT:PROMPT /OUT:"C:\Users\USER\Desktop\Group_29\atharvaModel\Debug\atharvaModel.exe" /INCREMENTAL /NOLOGO kernel32.lib user32.lib gdi32.lib winspool.lib comdlg32.lib advapi32.lib shell32.lib ole32.lib oleaut32.lib uuid.lib odbc32.lib odbccp32.lib /MANIFEST /MANIFESTUAC:"level='asInvoker' uiAccess='false'" /manifest:embed /Debug /PDB:"C:\Users\USER\Desktop\Group_29\atharvaModel\Debug\atharvaModel.pdb" /SUBSYSTEM:WINDOWS /TLBID:1 /DYNAMICBASE /NXCOMPAT /IMPLIB:"C:\Users\USER\Desktop\Group_29\atharvaModel\Debug\atharvaModel.lib" /MACHINE:X86 Debug\ObjLoader.obj
         Debug\pmath.obj
     1>ObjLoader.obj : error LNK2019: unresolved external symbol "void __cdecl cv::fastFree(void *)" (?fastFree@cv@@YAXPAX@Z) referenced in function "public: __thiscall cv::Mat::~Mat(void)" (??1Mat@cv@@QAE@XZ)
     1>ObjLoader.obj : error LNK2019: unresolved external symbol "private: char * __thiscall cv::String::allocate(unsigned int)" (?allocate@String@cv@@AAEPADI@Z) referenced in function "public: __thiscall cv::String::String(char const *)" (??0String@cv@@QAE@PBD@Z)
     1>ObjLoader.obj : error LNK2019: unresolved external symbol "private: void __thiscall cv::String::deallocate(void)" (?deallocate@String@cv@@AAEXXZ) referenced in function "public: __thiscall cv::String::~String(void)" (??1String@cv@@QAE@XZ)
     1>ObjLoader.obj : error LNK2019: unresolved external symbol "void __cdecl cv::error(int,class cv::String const &,char const *,char const *,int)" (?error@cv@@YAXHABVString@1@PBD1H@Z) referenced in function "public: class cv::Mat & __thiscall cv::Mat::operator=(class cv::Mat &&)" (??4Mat@cv@@QAEAAV01@$$QAV01@@Z)
     1>ObjLoader.obj : error LNK2019: unresolved external symbol "public: void __thiscall cv::RotatedRect::points(class cv::Point_<float> * const)const " (?points@RotatedRect@cv@@QBEXQAV?$Point_@M@2@@Z) referenced in function _WinMain@16
     1>ObjLoader.obj : error LNK2019: unresolved external symbol "public: __thiscall cv::Mat::Mat(class cv::Mat const &,class cv::Rect_<int> const &)" (??0Mat@cv@@QAE@ABV01@ABV?$Rect_@H@1@@Z) referenced in function "public: class cv::Mat __thiscall cv::Mat::operator()(class cv::Rect_<int> const &)const " (??RMat@cv@@QBE?AV01@ABV?$Rect_@H@1@@Z)
     1>ObjLoader.obj : error LNK2019: unresolved external symbol "public: void __thiscall cv::Mat::deallocate(void)" (?deallocate@Mat@cv@@QAEXXZ) referenced in function "public: void __thiscall cv::Mat::release(void)" (?release@Mat@cv@@QAEXXZ)
     1>ObjLoader.obj : error LNK2019: unresolved external symbol "void __cdecl cv::GaussianBlur(class cv::debug_build_guard::_InputArray const &,class cv::debug_build_guard::_OutputArray const &,class cv::Size_<int>,double,double,int)" (?GaussianBlur@cv@@YAXABV_InputArray@debug_build_guard@1@ABV_OutputArray@31@V?$Size_@H@1@NNH@Z) referenced in function _WinMain@16
     1>ObjLoader.obj : error LNK2019: unresolved external symbol "double __cdecl cv::threshold(class cv::debug_build_guard::_InputArray const &,class cv::debug_build_guard::_OutputArray const &,double,double,int)" (?threshold@cv@@YANABV_InputArray@debug_build_guard@1@ABV_OutputArray@31@NNH@Z) referenced in function _WinMain@16
     1>ObjLoader.obj : error LNK2019: unresolved external symbol "void __cdecl cv::cvtColor(class cv::debug_build_guard::_InputArray const &,class cv::debug_build_guard::_OutputArray const &,int,int)" (?cvtColor@cv@@YAXABV_InputArray@debug_build_guard@1@ABV_OutputArray@31@HH@Z) referenced in function _WinMain@16
     1>ObjLoader.obj : error LNK2019: unresolved external symbol "void __cdecl cv::findContours(class cv::debug_build_guard::_InputOutputArray const &,class cv::debug_build_guard::_OutputArray const &,class cv::debug_build_guard::_OutputArray const &,int,int,class cv::Point_<int>)" (?findContours@cv@@YAXABV_InputOutputArray@debug_build_guard@1@ABV_OutputArray@31@1HHV?$Point_@H@1@@Z) referenced in function _WinMain@16
     1>ObjLoader.obj : error LNK2019: unresolved external symbol "void __cdecl cv::approxPolyDP(class cv::debug_build_guard::_InputArray const &,class cv::debug_build_guard::_OutputArray const &,double,bool)" (?approxPolyDP@cv@@YAXABV_InputArray@debug_build_guard@1@ABV_OutputArray@31@N_N@Z) referenced in function _WinMain@16
     1>ObjLoader.obj : error LNK2019: unresolved external symbol "class cv::Rect_<int> __cdecl cv::boundingRect(class cv::debug_build_guard::_InputArray const &)" (?boundingRect@cv@@YA?AV?$Rect_@H@1@ABV_InputArray@debug_build_guard@1@@Z) referenced in function _WinMain@16
     1>ObjLoader.obj : error LNK2019: unresolved external symbol "double __cdecl cv::contourArea(class cv::debug_build_guard::_InputArray const &,bool)" (?contourArea@cv@@YANABV_InputArray@debug_build_guard@1@_N@Z) referenced in function _WinMain@16
     1>ObjLoader.obj : error LNK2019: unresolved external symbol "class cv::RotatedRect __cdecl cv::minAreaRect(class cv::debug_build_guard::_InputArray const &)" (?minAreaRect@cv@@YA?AVRotatedRect@1@ABV_InputArray@debug_build_guard@1@@Z) referenced in function _WinMain@16
     1>ObjLoader.obj : error LNK2019: unresolved external symbol "void __cdecl cv::convexHull(class cv::debug_build_guard::_InputArray const &,class cv::debug_build_guard::_OutputArray const &,bool,bool)" (?convexHull@cv@@YAXABV_InputArray@debug_build_guard@1@ABV_OutputArray@31@_N2@Z) referenced in function _WinMain@16
     1>ObjLoader.obj : error LNK2019: unresolved external symbol "void __cdecl cv::convexityDefects(class cv::debug_build_guard::_InputArray const &,class cv::debug_build_guard::_InputArray const &,class cv::debug_build_guard::_OutputArray const &)" (?convexityDefects@cv@@YAXABV_InputArray@debug_build_guard@1@0ABV_OutputArray@31@@Z) referenced in function _WinMain@16
     1>ObjLoader.obj : error LNK2019: unresolved external symbol "void __cdecl cv::line(class cv::debug_build_guard::_InputOutputArray const &,class cv::Point_<int>,class cv::Point_<int>,class cv::Scalar_<double> const &,int,int,int)" (?line@cv@@YAXABV_InputOutputArray@debug_build_guard@1@V?$Point_@H@1@1ABV?$Scalar_@N@1@HHH@Z) referenced in function _WinMain@16
     1>ObjLoader.obj : error LNK2019: unresolved external symbol "void __cdecl cv::rectangle(class cv::debug_build_guard::_InputOutputArray const &,class cv::Point_<int>,class cv::Point_<int>,class cv::Scalar_<double> const &,int,int,int)" (?rectangle@cv@@YAXABV_InputOutputArray@debug_build_guard@1@V?$Point_@H@1@1ABV?$Scalar_@N@1@HHH@Z) referenced in function _WinMain@16
     1>ObjLoader.obj : error LNK2019: unresolved external symbol "void __cdecl cv::circle(class cv::debug_build_guard::_InputOutputArray const &,class cv::Point_<int>,int,class cv::Scalar_<double> const &,int,int,int)" (?circle@cv@@YAXABV_InputOutputArray@debug_build_guard@1@V?$Point_@H@1@HABV?$Scalar_@N@1@HHH@Z) referenced in function _WinMain@16
     1>ObjLoader.obj : error LNK2019: unresolved external symbol "void __cdecl cv::drawContours(class cv::debug_build_guard::_InputOutputArray const &,class cv::debug_build_guard::_InputArray const &,int,class cv::Scalar_<double> const &,int,int,class cv::debug_build_guard::_InputArray const &,int,class cv::Point_<int>)" (?drawContours@cv@@YAXABV_InputOutputArray@debug_build_guard@1@ABV_InputArray@31@HABV?$Scalar_@N@1@HH1HV?$Point_@H@1@@Z) referenced in function _WinMain@16
     1>ObjLoader.obj : error LNK2019: unresolved external symbol "public: __thiscall cv::VideoCapture::VideoCapture(int)" (??0VideoCapture@cv@@QAE@H@Z) referenced in function _WinMain@16
     1>ObjLoader.obj : error LNK2019: unresolved external symbol "public: virtual __thiscall cv::VideoCapture::~VideoCapture(void)" (??1VideoCapture@cv@@UAE@XZ) referenced in function _WinMain@16
     1>ObjLoader.obj : error LNK2019: unresolved external symbol "public: virtual bool __thiscall cv::VideoCapture::isOpened(void)const " (?isOpened@VideoCapture@cv@@UBE_NXZ) referenced in function _WinMain@16
     1>ObjLoader.obj : error LNK2019: unresolved external symbol "public: virtual bool __thiscall cv::VideoCapture::read(class cv::debug_build_guard::_OutputArray const &)" (?read@VideoCapture@cv@@UAE_NABV_OutputArray@debug_build_guard@2@@Z) referenced in function _WinMain@16
     1>ObjLoader.obj : error LNK2019: unresolved external symbol "void __cdecl cv::imshow(class cv::String const &,class cv::debug_build_guard::_InputArray const &)" (?imshow@cv@@YAXABVString@1@ABV_InputArray@debug_build_guard@1@@Z) referenced in function _WinMain@16
     1>opencv_world340.lib : warning LNK4272: library machine type 'x64' conflicts with target machine type 'X86'
     1>opencv_world340d.lib : warning LNK4272: library machine type 'x64' conflicts with target machine type 'X86'
     1>C:\Users\USER\Desktop\Group_29\atharvaModel\Debug\atharvaModel.exe : fatal error LNK1120: 26 unresolved externals
     1>Done Building Project "C:\Users\USER\Desktop\Group_29\atharvaModel\atharvaModel.vcxproj" (Build target(s)) -- FAILED.

Build FAILED.

Time Elapsed 00:00:02.02
